2025-04-08 18-22-02 - root - DEBUG - Adding 10 + 15= 25
2025-04-08 18-22-02 - root - DEBUG - Substracting 15 - 10= 5
2025-04-08 18-22-02 - root - DEBUG - Multiplying 10 * 20= 200
2025-04-08 18-22-02 - root - DEBUG - Adding 20 / 10= 2.0
2025-04-08 18-23-09 - root - DEBUG - Adding 10 + 15= 25
2025-04-08 18-23-09 - root - DEBUG - Substracting 15 - 10= 5
2025-04-08 18-23-09 - root - DEBUG - Multiplying 10 * 20= 200
2025-04-08 18-23-09 - root - DEBUG - Dividing 20 / 10= 2.0
2025-04-08 18-30-34 - root - DEBUG - Adding 10 + 15 = 25
2025-04-08 18-30-34 - root - DEBUG - Substracting 15 - 10 = 5
2025-04-08 18-30-34 - root - DEBUG - Multiplying 10 * 20 = 200
2025-04-08 18-30-34 - root - DEBUG - Dividing 20 / 10 = 2.0
2025-04-08 18-34-47 - ArithmaticApp - DEBUG - Adding 10 + 15 = 25
2025-04-08 18-34-47 - ArithmaticApp - DEBUG - Substracting 15 - 10 = 5
2025-04-08 18-34-47 - ArithmaticApp - DEBUG - Multiplying 10 * 20 = 200
2025-04-08 18-34-47 - ArithmaticApp - DEBUG - Dividing 20 / 10 = 2.0
2025-04-08 18-37-56 - ArithmaticApp - DEBUG - Adding 10 + 15 = 25
2025-04-08 18-37-56 - ArithmaticApp - DEBUG - Substracting 15 - 10 = 5
2025-04-08 18-37-56 - ArithmaticApp - DEBUG - Multiplying 10 * 20 = 200
2025-04-08 18-37-56 - ArithmaticApp - ERROR - Division by zero error.
